<?xml version="1.0" encoding="UTF-8"?>
<testng-results skipped="0" failed="0" total="3" passed="3">
  <reporter-output>
  </reporter-output>
  <suite name="Default suite" duration-ms="50553" started-at="2021-09-29T13:43:42Z" finished-at="2021-09-29T13:44:33Z">
    <groups>
    </groups>
    <test name="Default test" duration-ms="50553" started-at="2021-09-29T13:43:42Z" finished-at="2021-09-29T13:44:33Z">
      <class name="com.ikman.testscript.Ikman_testscript">
        <test-method status="PASS" signature="setup()[pri:0, instance:com.ikman.testscript.Ikman_testscript@62ee68d8]" name="setup" is-config="true" duration-ms="4520" started-at="2021-09-29T19:13:42Z" finished-at="2021-09-29T19:13:47Z">
          <reporter-output>
          </reporter-output>
        </test-method> <!-- setup -->
        <test-method status="PASS" signature="login_to_ikman(java.lang.String, java.lang.String)[pri:0, instance:com.ikman.testscript.Ikman_testscript@62ee68d8]" name="login_to_ikman" duration-ms="9440" started-at="2021-09-29T19:13:47Z" finished-at="2021-09-29T19:13:56Z">
          <params>
            <param index="0">
              <value>
                <![CDATA[https://ikman.lk]]>
              </value>
            </param>
            <param index="1">
              <value>
                <![CDATA[mercuryjan@yahoo.com]]>
              </value>
            </param>
          </params>
          <reporter-output>
          </reporter-output>
        </test-method> <!-- login_to_ikman -->
        <test-method status="PASS" signature="post_ikman()[pri:0, instance:com.ikman.testscript.Ikman_testscript@62ee68d8]" name="post_ikman" duration-ms="11951" started-at="2021-09-29T19:13:56Z" finished-at="2021-09-29T19:14:08Z">
          <reporter-output>
          </reporter-output>
        </test-method> <!-- post_ikman -->
        <test-method status="PASS" signature="setproperty_details()[pri:0, instance:com.ikman.testscript.Ikman_testscript@62ee68d8]" name="setproperty_details" duration-ms="11151" started-at="2021-09-29T19:14:08Z" finished-at="2021-09-29T19:14:20Z">
          <reporter-output>
          </reporter-output>
        </test-method> <!-- setproperty_details -->
        <test-method status="PASS" signature="logout_ikman()[pri:0, instance:com.ikman.testscript.Ikman_testscript@62ee68d8]" name="logout_ikman" is-config="true" duration-ms="13448" started-at="2021-09-29T19:14:20Z" finished-at="2021-09-29T19:14:33Z">
          <reporter-output>
          </reporter-output>
        </test-method> <!-- logout_ikman -->
      </class> <!-- com.ikman.testscript.Ikman_testscript -->
    </test> <!-- Default test -->
  </suite> <!-- Default suite -->
</testng-results>
